#
# There is insufficient memory for the Java Runtime Environment to continue.
# Native memory allocation (mmap) failed to map 123731968 bytes for G1 virtual space
# Possible reasons:
#   The system is out of physical RAM or swap space
#   The process is running with CompressedOops enabled, and the Java Heap may be blocking the growth of the native heap
# Possible solutions:
#   Reduce memory load on the system
#   Increase physical memory or swap space
#   Check if swap backing store is full
#   Decrease Java heap size (-Xmx/-Xms)
#   Decrease number of Java threads
#   Decrease Java thread stack sizes (-Xss)
#   Set larger code cache with -XX:ReservedCodeCacheSize=
#   JVM is running with Unscaled Compressed Oops mode in which the Java heap is
#     placed in the first 4GB address space. The Java Heap base address is the
#     maximum limit for the native heap growth. Please use -XX:HeapBaseMinAddress
#     to set the Java Heap base and to place the Java Heap above 4GB virtual address.
# This output file may be truncated or incomplete.
#
#  Out of Memory Error (os_windows.cpp:3528), pid=9012, tid=26260
#
# JRE version:  (20.0.2+9) (build )
# Java VM: Java HotSpot(TM) 64-Bit Server VM (20.0.2+9-78, mixed mode, sharing, tiered, compressed oops, compressed class ptrs, g1 gc, windows-amd64)
# No core dump will be written. Minidumps are not enabled by default on client versions of Windows
#

---------------  S U M M A R Y ------------

Command Line: -XX:+ShowCodeDetailsInExceptionMessages test.Test

Host: AMD Ryzen 5 5600H with Radeon Graphics         , 12 cores, 7G,  Windows 11 , 64 bit Build 22621 (10.0.22621.2506)
Time: Wed Dec 27 10:00:50 2023 Central Asia Standard Time elapsed time: 0.016144 seconds (0d 0h 0m 0s)

---------------  T H R E A D  ---------------

Current thread (0x0000025f3a7c6100):  JavaThread "Unknown thread" [_thread_in_vm, id=26260, stack(0x00000076b1800000,0x00000076b1900000)]

Stack: [0x00000076b1800000,0x00000076b1900000]
Native frames: (J=compiled Java code, j=interpreted, Vv=VM code, C=native code)
V  [jvm.dll+0x6bc25a]
V  [jvm.dll+0x84971a]
V  [jvm.dll+0x84b315]
V  [jvm.dll+0x84ba13]
V  [jvm.dll+0x280e4f]
V  [jvm.dll+0x6b8fe9]
V  [jvm.dll+0x6adbca]
V  [jvm.dll+0x35b165]
V  [jvm.dll+0x363386]
V  [jvm.dll+0x3b400e]
V  [jvm.dll+0x3b4295]
V  [jvm.dll+0x32b86a]
V  [jvm.dll+0x32c68b]
V  [jvm.dll+0x8123df]
V  [jvm.dll+0x3c1261]
V  [jvm.dll+0x7fe103]
V  [jvm.dll+0x44ccaf]
V  [jvm.dll+0x44e621]
C  [jli.dll+0x5287]
C  [ucrtbase.dll+0x29363]
C  [KERNEL32.DLL+0x1257d]
C  [ntdll.dll+0x5aa58]


---------------  P R O C E S S  ---------------

Threads class SMR info:
_java_thread_list=0x00007ff9757fb118, length=0, elements={
}

Java Threads: ( => current thread )

Other Threads:
  0x0000025f3a823aa0 WorkerThread "GC Thread#0" [stack: 0x00000076b1900000,0x00000076b1a00000] [id=30404]
  0x0000025f3a833eb0 ConcurrentGCThread "G1 Main Marker" [stack: 0x00000076b1a00000,0x00000076b1b00000] [id=32600]
  0x0000025f3a8348e0 WorkerThread "G1 Conc#0" [stack: 0x00000076b1b00000,0x00000076b1c00000] [id=13500]

[error occurred during error reporting (printing all threads), id 0xc0000005, EXCEPTION_ACCESS_VIOLATION (0xc0000005) at pc=0x00007ff974fdeea7]
VM state: not at safepoint (not fully initialized)

VM Mutex/Monitor currently owned by a thread:  ([mutex/lock_event])
[0x0000025f3a7c1c80] Heap_lock - owner thread: 0x0000025f3a7c6100

Heap address: 0x000000008a600000, size: 1882 MB, Compressed Oops mode: 32-bit

CDS archive(s) mapped at: [0x0000000000000000-0x0000000000000000-0x0000000000000000), size 0, SharedBaseAddress: 0x0000000800000000, ArchiveRelocationMode: 1.
Narrow klass base: 0x0000000000000000, Narrow klass shift: 0, Narrow klass range: 0x0

GC Precious Log:
 CardTable entry size: 512
 Card Set container configuration: InlinePtr #cards 5 size 8 Array Of Cards #cards 12 size 40 Howl #buckets 4 coarsen threshold 1843 Howl Bitmap #cards 512 size 80 coarsen threshold 460 Card regions per heap region 1 cards per card region 2048

Heap:
 garbage-first heap   total 0K, used 0K [0x000000008a600000, 0x0000000100000000)
  region size 1024K, 0 young (0K), 0 survivors (0K)

[error occurred during error reporting (printing heap information), id 0xc0000005, EXCEPTION_ACCESS_VIOLATION (0xc0000005) at pc=0x00007ff9753b47b9]
GC Heap History (0 events):
No events

Dll operation events (1 events):
Event: 0.010 Loaded shared library C:\Program Files\Java\jdk-20\bin\java.dll

Deoptimization events (0 events):
No events

Classes loaded (0 events):
No events

Classes unloaded (0 events):
No events

Classes redefined (0 events):
No events

Internal exceptions (0 events):
No events

VM Operations (0 events):
No events

Events (0 events):
No events


Dynamic libraries:
0x00007ff7fb050000 - 0x00007ff7fb060000 	C:\Program Files\Java\jdk-20\bin\javaw.exe
0x00007ff9d9670000 - 0x00007ff9d9887000 	C:\WINDOWS\SYSTEM32\ntdll.dll
0x00007ff9d8ee0000 - 0x00007ff9d8fa4000 	C:\WINDOWS\System32\KERNEL32.DLL
0x00007ff9d6c50000 - 0x00007ff9d6ff5000 	C:\WINDOWS\System32\KERNELBASE.dll
0x00007ff9d69e0000 - 0x00007ff9d6af1000 	C:\WINDOWS\System32\ucrtbase.dll
0x00007ff9c23d0000 - 0x00007ff9c23eb000 	C:\Program Files\Java\jdk-20\bin\VCRUNTIME140.dll
0x00007ff9c2510000 - 0x00007ff9c2529000 	C:\Program Files\Java\jdk-20\bin\jli.dll
0x00007ff9d81b0000 - 0x00007ff9d8261000 	C:\WINDOWS\System32\ADVAPI32.dll
0x00007ff9d94f0000 - 0x00007ff9d9597000 	C:\WINDOWS\System32\msvcrt.dll
0x00007ff9d8c20000 - 0x00007ff9d8cc6000 	C:\WINDOWS\System32\sechost.dll
0x00007ff9d8750000 - 0x00007ff9d8867000 	C:\WINDOWS\System32\RPCRT4.dll
0x00007ff9d7c20000 - 0x00007ff9d7dce000 	C:\WINDOWS\System32\USER32.dll
0x00007ff9bd420000 - 0x00007ff9bd6b3000 	C:\WINDOWS\WinSxS\amd64_microsoft.windows.common-controls_6595b64144ccf1df_6.0.22621.2506_none_270c5ae97388e100\COMCTL32.dll
0x00007ff9d6b00000 - 0x00007ff9d6b26000 	C:\WINDOWS\System32\win32u.dll
0x00007ff9d8eb0000 - 0x00007ff9d8ed9000 	C:\WINDOWS\System32\GDI32.dll
0x00007ff9d7070000 - 0x00007ff9d7189000 	C:\WINDOWS\System32\gdi32full.dll
0x00007ff9d6bb0000 - 0x00007ff9d6c4a000 	C:\WINDOWS\System32\msvcp_win.dll
0x00007ff9ce2d0000 - 0x00007ff9ce2da000 	C:\WINDOWS\SYSTEM32\VERSION.dll
0x00007ff9d8170000 - 0x00007ff9d81a1000 	C:\WINDOWS\System32\IMM32.DLL
0x00007ff9c3070000 - 0x00007ff9c307c000 	C:\Program Files\Java\jdk-20\bin\vcruntime140_1.dll
0x00007ff9a6f30000 - 0x00007ff9a6fbe000 	C:\Program Files\Java\jdk-20\bin\msvcp140.dll
0x00007ff974ca0000 - 0x00007ff975938000 	C:\Program Files\Java\jdk-20\bin\server\jvm.dll
0x00007ff9bd330000 - 0x00007ff9bd339000 	C:\WINDOWS\SYSTEM32\WSOCK32.dll
0x00007ff9d0260000 - 0x00007ff9d0294000 	C:\WINDOWS\SYSTEM32\WINMM.dll
0x00007ff9d7fa0000 - 0x00007ff9d8011000 	C:\WINDOWS\System32\WS2_32.dll
0x00007ff9d5940000 - 0x00007ff9d5958000 	C:\WINDOWS\SYSTEM32\kernel.appcore.dll
0x00007ff9c2350000 - 0x00007ff9c235a000 	C:\Program Files\Java\jdk-20\bin\jimage.dll
0x00007ff9c4870000 - 0x00007ff9c4aa3000 	C:\WINDOWS\SYSTEM32\DBGHELP.DLL
0x00007ff9d8880000 - 0x00007ff9d8c09000 	C:\WINDOWS\System32\combase.dll
0x00007ff9d84c0000 - 0x00007ff9d8597000 	C:\WINDOWS\System32\OLEAUT32.dll
0x00007ff9c4390000 - 0x00007ff9c43c2000 	C:\WINDOWS\SYSTEM32\dbgcore.DLL
0x00007ff9d6b30000 - 0x00007ff9d6baa000 	C:\WINDOWS\System32\bcryptPrimitives.dll
0x00007ff9c22f0000 - 0x00007ff9c2316000 	C:\Program Files\Java\jdk-20\bin\java.dll

dbghelp: loaded successfully - version: 4.0.5 - missing functions: none
symbol engine: initialized successfully - sym options: 0x614 - pdb path: .;C:\Program Files\Java\jdk-20\bin;C:\WINDOWS\SYSTEM32;C:\WINDOWS\WinSxS\amd64_microsoft.windows.common-controls_6595b64144ccf1df_6.0.22621.2506_none_270c5ae97388e100;C:\Program Files\Java\jdk-20\bin\server

VM Arguments:
jvm_args: -XX:+ShowCodeDetailsInExceptionMessages 
java_command: test.Test
java_class_path (initial): C:\Users\Dyletant.BUGEXMACHINA\eclipse-workspace\UniSys\bin
Launcher Type: SUN_STANDARD

[Global flags]
     intx CICompilerCount                          = 4                                         {product} {ergonomic}
     uint ConcGCThreads                            = 3                                         {product} {ergonomic}
     uint G1ConcRefinementThreads                  = 10                                        {product} {ergonomic}
   size_t G1HeapRegionSize                         = 1048576                                   {product} {ergonomic}
    uintx GCDrainStackTargetSize                   = 64                                        {product} {ergonomic}
   size_t InitialHeapSize                          = 123731968                                 {product} {ergonomic}
   size_t MarkStackSize                            = 4194304                                   {product} {ergonomic}
   size_t MaxHeapSize                              = 1973420032                                {product} {ergonomic}
   size_t MinHeapDeltaBytes                        = 1048576                                   {product} {ergonomic}
   size_t MinHeapSize                              = 8388608                                   {product} {ergonomic}
    uintx NonNMethodCodeHeapSize                   = 5839372                                {pd product} {ergonomic}
    uintx NonProfiledCodeHeapSize                  = 122909434                              {pd product} {ergonomic}
    uintx ProfiledCodeHeapSize                     = 122909434                              {pd product} {ergonomic}
    uintx ReservedCodeCacheSize                    = 251658240                              {pd product} {ergonomic}
     bool SegmentedCodeCache                       = true                                      {product} {ergonomic}
     bool ShowCodeDetailsInExceptionMessages       = true                                   {manageable} {command line}
   size_t SoftMaxHeapSize                          = 1973420032                             {manageable} {ergonomic}
     bool UseCompressedClassPointers               = true                           {product lp64_product} {ergonomic}
     bool UseCompressedOops                        = true                           {product lp64_product} {ergonomic}
     bool UseG1GC                                  = true                                      {product} {ergonomic}
     bool UseLargePagesIndividualAllocation        = false                                  {pd product} {ergonomic}

Logging:
Log output configuration:
 #0: stdout all=warning uptime,level,tags foldmultilines=false
 #1: stderr all=off uptime,level,tags foldmultilines=false

Environment Variables:
PATH=C:\Program Files\Common Files\Oracle\Java\javapath;C:\Program Files\Python311\Scripts\;C:\Program Files\Python311\;C:\Windows\system32;C:\Windows;C:\Windows\System32\Wbem;C:\Windows\System32\WindowsPowerShell\v1.0\;C:\Windows\System32\OpenSSH\;C:\Program Files (x86)\NVIDIA Corporation\PhysX\Common;C:\Program Files\NVIDIA Corporation\NVIDIA NvDLISR;C:\Program Files\dotnet\;C:\mingw64\bin;C:\Program Files (x86)\Microsoft VS Code;C:\Program Files\Anaconda\condabin;C:\WINDOWS\system32;C:\WINDOWS;C:\WINDOWS\System32\Wbem;C:\WINDOWS\System32\WindowsPowerShell\v1.0\;C:\WINDOWS\System32\OpenSSH\;C:\Program Files\Git\cmd;C:\Users\έλόδΰπ\AppData\Local\Programs\Python\Python37-32\Scripts\;C:\Users\έλόδΰπ\AppData\Local\Programs\Python\Python37-32\;C:\Users\έλόδΰπ\AppData\Local\Microsoft\WindowsApps;C:\applications\Microsoft VS Code\bin;C:\Program Files\Anaconda\condabin;C:\Program Files\Git\bin;C:\Users\έλόδΰπ\AppData\Roaming\Python\Python311\Scripts;C:\files\geckodriver.exe;;C:\Program Files\JetBrains\DataGrip 2023.2.1\bin;;C:\Program Files\JetBrains\IntelliJ IDEA 2023.2.1\bin;
USERNAME=Eldar
OS=Windows_NT
PROCESSOR_IDENTIFIER=AMD64 Family 25 Model 80 Stepping 0, AuthenticAMD
TMP=C:\Users\έλόδΰπ\AppData\Local\Temp
TEMP=C:\Users\έλόδΰπ\AppData\Local\Temp




---------------  S Y S T E M  ---------------

OS:
 Windows 11 , 64 bit Build 22621 (10.0.22621.2506)
OS uptime: 35 days 7:26 hours
Hyper-V role detected

CPU: total 12 (initial active 12) (12 cores per cpu, 2 threads per core) family 25 model 80 stepping 0 microcode 0x0, cx8, cmov, fxsr, ht, mmx, 3dnowpref, sse, sse2, sse3, ssse3, sse4a, sse4.1, sse4.2, popcnt, lzcnt, tsc, tscinvbit, avx, avx2, aes, erms, clmul, bmi1, bmi2, adx, sha, fma, vzeroupper, clflush, clflushopt, hv, rdtscp, rdpid, fsrm, f16c, cet_ss

Memory: 4k page, system-wide physical 7521M (360M free)
TotalPageFile size 31073M (AvailPageFile size 36M)
current process WorkingSet (physical memory assigned to process): 11M, peak: 11M
current process commit charge ("private bytes"): 64M, peak: 182M

vm_info: Java HotSpot(TM) 64-Bit Server VM (20.0.2+9-78) for windows-amd64 JRE (20.0.2+9-78), built on 2023-06-14T10:08:48Z by "mach5one" with MS VC++ 17.1 (VS2022)

END.
